<?xml version="1.0" encoding="UTF-8"?>
<!-- Generated by org.testng.reporters.JUnitReportReporter -->
<testsuite skipped="1" hostname="bijendra" name="listners.TestNGListnersDemo2_Multipleclasses" tests="3" failures="0" timestamp="27 Apr 2019 08:08:01 GMT" time="0.000" errors="0">
  <testcase name="test5" time="0.000" classname="listners.TestNGListnersDemo2_Multipleclasses"/>
  <testcase name="test6" time="0.000" classname="listners.TestNGListnersDemo2_Multipleclasses">
    <skipped/>
  </testcase> <!-- test6 -->
  <testcase name="test4" time="0.000" classname="listners.TestNGListnersDemo2_Multipleclasses"/>
</testsuite> <!-- listners.TestNGListnersDemo2_Multipleclasses -->
