<?xml version="1.0" encoding="UTF-8"?>
<!-- Generated by org.testng.reporters.JUnitReportReporter -->
<testsuite skipped="0" hostname="bijendra" name="TestNG_package.testNG_class" tests="1" failures="0" timestamp="27 Apr 2019 06:39:52 GMT" time="7.075" errors="0">
  <testcase name="MYAR" time="7.075" classname="TestNG_package.testNG_class"/>
</testsuite> <!-- TestNG_package.testNG_class -->
