<?xml version="1.0" encoding="UTF-8"?>
<!-- Generated by org.testng.reporters.JUnitReportReporter -->
<testsuite skipped="0" hostname="bijendra" name="Utils.ExcelDataProvider2_TestNGAnnotation2_selenium" tests="1" failures="0" timestamp="25 Apr 2019 10:13:18 GMT" time="26.274" errors="0">
  <testcase name="test1" time="26.274" classname="Utils.ExcelDataProvider2_TestNGAnnotation2_selenium"/>
</testsuite> <!-- Utils.ExcelDataProvider2_TestNGAnnotation2_selenium -->
