<?xml version="1.0" encoding="UTF-8"?>
<!-- Generated by org.testng.reporters.JUnitReportReporter -->
<testsuite skipped="0" hostname="bijendra" name="Utils.ExcelDataProvider2_TestNGAnnotation" tests="2" failures="0" timestamp="25 Apr 2019 05:21:40 GMT" time="0.020" errors="0">
  <testcase name="test1" time="0.010" classname="Utils.ExcelDataProvider2_TestNGAnnotation"/>
  <testcase name="test1" time="0.010" classname="Utils.ExcelDataProvider2_TestNGAnnotation"/>
</testsuite> <!-- Utils.ExcelDataProvider2_TestNGAnnotation -->
